<?xml version="1.0" encoding="UTF-8"?>
<!-- Generated by org.testng.reporters.JUnitReportReporter -->
<testsuite hostname="DESKTOP-O9GK9U1" failures="0" tests="1" name="com.evs.testCase.TestCase" time="10.313" errors="0" timestamp="2022-02-05T10:48:39 IST" skipped="0">
  <testcase classname="com.evs.testCase.TestCase" name="test1" time="10.313"/>
  <system-out/>
</testsuite> <!-- com.evs.testCase.TestCase -->
